<?xml version="1.0" encoding="UTF-8"?>
<!-- Generated by org.testng.reporters.JUnitReportReporter -->
<testsuite skipped="0" hostname="DESKTOP-2PVPGVB" name="demo.pack.DemoProject2.FileUpload" tests="1" failures="0" timestamp="30 Aug 2018 13:54:43 GMT" time="9.888" errors="0">
  <testcase name="fileupload" time="9.888" classname="demo.pack.DemoProject2.FileUpload"/>
</testsuite> <!-- demo.pack.DemoProject2.FileUpload -->
