<?xml version="1.0" encoding="UTF-8"?>
<!-- Generated by org.testng.reporters.JUnitReportReporter -->
<testsuite skipped="0" hostname="DESKTOP-2PVPGVB" name="demo.pack.DemoProject2.TC_001" tests="1" failures="0" timestamp="31 Aug 2018 10:35:17 GMT" time="11.546" errors="0">
  <testcase name="bangar" time="11.546" classname="demo.pack.DemoProject2.TC_001"/>
</testsuite> <!-- demo.pack.DemoProject2.TC_001 -->
