<?xml version="1.0" encoding="UTF-8"?>
<!-- Generated by org.testng.reporters.JUnitReportReporter -->
<testsuite skipped="2" hostname="DESKTOP-2PVPGVB" name="demo.pack.DemoProject2.BrowserLaunch" tests="3" failures="0" timestamp="31 Aug 2018 10:36:19 GMT" time="20.340" errors="0">
  <testcase name="launch" time="20.340" classname="demo.pack.DemoProject2.BrowserLaunch"/>
  <testcase name="a" classname="demo.pack.DemoProject2.BrowserLaunch">
    <skipped/>
  </testcase> <!-- a -->
  <testcase name="m1" classname="demo.pack.DemoProject2.BrowserLaunch">
    <skipped/>
  </testcase> <!-- m1 -->
</testsuite> <!-- demo.pack.DemoProject2.BrowserLaunch -->
