<?xml version="1.0" encoding="UTF-8"?>
<!-- Generated by org.testng.reporters.JUnitReportReporter -->
<testsuite skipped="1" hostname="DESKTOP-2PVPGVB" name="demo.pack.DemoProject2.TC_003" tests="2" failures="0" timestamp="04 Sep 2018 11:14:03 GMT" time="16.857" errors="0">
  <testcase name="registration" time="16.857" classname="demo.pack.DemoProject2.TC_003"/>
  <testcase name="login" classname="demo.pack.DemoProject2.TC_003">
    <skipped/>
  </testcase> <!-- login -->
</testsuite> <!-- demo.pack.DemoProject2.TC_003 -->
