<?xml version="1.0" encoding="UTF-8"?>
<!-- Generated by org.testng.reporters.JUnitReportReporter -->
<testsuite skipped="0" hostname="DESKTOP-2PVPGVB" name="demo.pack.DemoProject2.TC_002" tests="1" failures="0" timestamp="31 Aug 2018 10:35:17 GMT" time="11.676" errors="0">
  <testcase name="ramu" time="11.676" classname="demo.pack.DemoProject2.TC_002"/>
</testsuite> <!-- demo.pack.DemoProject2.TC_002 -->
